{"/home/luciano/Dev/Blanktxt/client/src/App.jsx": {"path":"/home/luciano/Dev/Blanktxt/client/src/App.jsx","statementMap":{"0":{"start":{"line":11,"column":20},"end":{"line":11,"column":32}},"1":{"start":{"line":13,"column":23},"end":{"line":13,"column":35}},"2":{"start":{"line":15,"column":27},"end":{"line":15,"column":41}},"3":{"start":{"line":17,"column":27},"end":{"line":17,"column":41}},"4":{"start":{"line":22,"column":2},"end":{"line":31,"column":8}},"5":{"start":{"line":24,"column":17},"end":{"line":24,"column":49}},"6":{"start":{"line":25,"column":4},"end":{"line":30,"column":5}},"7":{"start":{"line":26,"column":6},"end":{"line":26,"column":22}},"8":{"start":{"line":29,"column":8},"end":{"line":29,"column":23}},"9":{"start":{"line":34,"column":2},"end":{"line":53,"column":7}},"10":{"start":{"line":38,"column":19},"end":{"line":38,"column":51}},"11":{"start":{"line":39,"column":6},"end":{"line":50,"column":5}},"12":{"start":{"line":42,"column":29},"end":{"line":44,"column":7}},"13":{"start":{"line":46,"column":6},"end":{"line":46,"column":109}},"14":{"start":{"line":46,"column":60},"end":{"line":46,"column":75}},"15":{"start":{"line":46,"column":90},"end":{"line":46,"column":107}},"16":{"start":{"line":57,"column":2},"end":{"line":60,"column":8}},"17":{"start":{"line":58,"column":4},"end":{"line":58,"column":19}},"18":{"start":{"line":67,"column":26},"end":{"line":67,"column":40}},"19":{"start":{"line":68,"column":4},"end":{"line":71,"column":5}},"20":{"start":{"line":69,"column":6},"end":{"line":69,"column":22}},"21":{"start":{"line":70,"column":6},"end":{"line":70,"column":28}},"22":{"start":{"line":76,"column":4},"end":{"line":76,"column":19}},"23":{"start":{"line":81,"column":2},"end":{"line":92,"column":4}},"24":{"start":{"line":100,"column":25},"end":{"line":104,"column":3}},"25":{"start":{"line":106,"column":3},"end":{"line":106,"column":33}}},"fnMap":{"0":{"name":"Text","decl":{"start":{"line":9,"column":9},"end":{"line":9,"column":13}},"loc":{"start":{"line":9,"column":16},"end":{"line":93,"column":1}},"line":9},"1":{"name":"(anonymous_1)","decl":{"start":{"line":22,"column":12},"end":{"line":22,"column":13}},"loc":{"start":{"line":22,"column":17},"end":{"line":31,"column":3}},"line":22},"2":{"name":"(anonymous_2)","decl":{"start":{"line":34,"column":12},"end":{"line":34,"column":13}},"loc":{"start":{"line":34,"column":18},"end":{"line":53,"column":3}},"line":34},"3":{"name":"(anonymous_3)","decl":{"start":{"line":46,"column":48},"end":{"line":46,"column":49}},"loc":{"start":{"line":46,"column":60},"end":{"line":46,"column":75}},"line":46},"4":{"name":"(anonymous_4)","decl":{"start":{"line":46,"column":82},"end":{"line":46,"column":83}},"loc":{"start":{"line":46,"column":90},"end":{"line":46,"column":107}},"line":46},"5":{"name":"(anonymous_5)","decl":{"start":{"line":57,"column":12},"end":{"line":57,"column":13}},"loc":{"start":{"line":57,"column":18},"end":{"line":59,"column":3}},"line":57},"6":{"name":"changeInpt","decl":{"start":{"line":66,"column":11},"end":{"line":66,"column":21}},"loc":{"start":{"line":66,"column":24},"end":{"line":72,"column":3}},"line":66},"7":{"name":"changeDispl","decl":{"start":{"line":74,"column":11},"end":{"line":74,"column":22}},"loc":{"start":{"line":74,"column":25},"end":{"line":78,"column":3}},"line":74},"8":{"name":"updateTxt","decl":{"start":{"line":98,"column":22},"end":{"line":98,"column":31}},"loc":{"start":{"line":98,"column":36},"end":{"line":109,"column":1}},"line":98}},"branchMap":{"0":{"loc":{"start":{"line":25,"column":4},"end":{"line":30,"column":5}},"type":"if","locations":[{"start":{"line":25,"column":4},"end":{"line":30,"column":5}},{"start":{"line":28,"column":9},"end":{"line":30,"column":5}}],"line":25},"1":{"loc":{"start":{"line":39,"column":6},"end":{"line":50,"column":5}},"type":"if","locations":[{"start":{"line":39,"column":6},"end":{"line":50,"column":5}},{"start":{},"end":{}}],"line":39},"2":{"loc":{"start":{"line":68,"column":4},"end":{"line":71,"column":5}},"type":"if","locations":[{"start":{"line":68,"column":4},"end":{"line":71,"column":5}},{"start":{},"end":{}}],"line":68},"3":{"loc":{"start":{"line":90,"column":7},"end":{"line":90,"column":61}},"type":"binary-expr","locations":[{"start":{"line":90,"column":7},"end":{"line":90,"column":12}},{"start":{"line":90,"column":16},"end":{"line":90,"column":61}}],"line":90}},"s":{"0":3,"1":3,"2":3,"3":3,"4":3,"5":2,"6":2,"7":0,"8":2,"9":3,"10":2,"11":2,"12":0,"13":0,"14":0,"15":0,"16":3,"17":3,"18":1,"19":1,"20":1,"21":1,"22":0,"23":3,"24":3,"25":3},"f":{"0":3,"1":2,"2":2,"3":0,"4":0,"5":3,"6":1,"7":0,"8":3},"b":{"0":[0,2],"1":[0,2],"2":[1,0],"3":[3,3]},"_coverageSchema":"1a1c01bbd47fc00a2c39e90264f33305004495a9","hash":"da9a80ae5b7005c64d4defa465ef04373cc88d35"}
,"/home/luciano/Dev/Blanktxt/client/src/components/Config.jsx": {"path":"/home/luciano/Dev/Blanktxt/client/src/components/Config.jsx","statementMap":{"0":{"start":{"line":9,"column":2},"end":{"line":33,"column":4}}},"fnMap":{"0":{"name":"Config","decl":{"start":{"line":4,"column":24},"end":{"line":4,"column":30}},"loc":{"start":{"line":4,"column":37},"end":{"line":34,"column":1}},"line":4}},"branchMap":{"0":{"loc":{"start":{"line":11,"column":27},"end":{"line":11,"column":57}},"type":"cond-expr","locations":[{"start":{"line":11,"column":41},"end":{"line":11,"column":47}},{"start":{"line":11,"column":50},"end":{"line":11,"column":57}}],"line":11}},"s":{"0":8},"f":{"0":8},"b":{"0":[7,1]},"_coverageSchema":"1a1c01bbd47fc00a2c39e90264f33305004495a9","hash":"bac16eb90faa7e43c44cbbd54c7363fbcae39f20"}
,"/home/luciano/Dev/Blanktxt/client/src/components/ConfigMenu.jsx": {"path":"/home/luciano/Dev/Blanktxt/client/src/components/ConfigMenu.jsx","statementMap":{"0":{"start":{"line":9,"column":32},"end":{"line":9,"column":46}},"1":{"start":{"line":10,"column":24},"end":{"line":10,"column":38}},"2":{"start":{"line":11,"column":26},"end":{"line":11,"column":40}},"3":{"start":{"line":12,"column":46},"end":{"line":12,"column":60}},"4":{"start":{"line":14,"column":27},"end":{"line":14,"column":41}},"5":{"start":{"line":17,"column":2},"end":{"line":21,"column":7}},"6":{"start":{"line":19,"column":4},"end":{"line":19,"column":64}},"7":{"start":{"line":24,"column":2},"end":{"line":30,"column":4}},"8":{"start":{"line":25,"column":22},"end":{"line":25,"column":41}},"9":{"start":{"line":26,"column":4},"end":{"line":26,"column":48}},"10":{"start":{"line":27,"column":4},"end":{"line":27,"column":32}},"11":{"start":{"line":28,"column":4},"end":{"line":28,"column":45}},"12":{"start":{"line":29,"column":4},"end":{"line":29,"column":50}},"13":{"start":{"line":33,"column":4},"end":{"line":33,"column":22}},"14":{"start":{"line":34,"column":4},"end":{"line":34,"column":21}},"15":{"start":{"line":38,"column":4},"end":{"line":56,"column":3}},"16":{"start":{"line":40,"column":8},"end":{"line":40,"column":27}},"17":{"start":{"line":41,"column":8},"end":{"line":41,"column":32}},"18":{"start":{"line":42,"column":8},"end":{"line":42,"column":53}},"19":{"start":{"line":43,"column":8},"end":{"line":43,"column":14}},"20":{"start":{"line":45,"column":8},"end":{"line":45,"column":42}},"21":{"start":{"line":46,"column":8},"end":{"line":46,"column":63}},"22":{"start":{"line":47,"column":8},"end":{"line":47,"column":14}},"23":{"start":{"line":49,"column":8},"end":{"line":49,"column":31}},"24":{"start":{"line":50,"column":8},"end":{"line":50,"column":52}},"25":{"start":{"line":51,"column":8},"end":{"line":51,"column":14}},"26":{"start":{"line":53,"column":8},"end":{"line":53,"column":35}},"27":{"start":{"line":54,"column":8},"end":{"line":54,"column":56}},"28":{"start":{"line":55,"column":8},"end":{"line":55,"column":14}},"29":{"start":{"line":60,"column":2},"end":{"line":65,"column":4}}},"fnMap":{"0":{"name":"CongifMenu","decl":{"start":{"line":7,"column":24},"end":{"line":7,"column":34}},"loc":{"start":{"line":7,"column":50},"end":{"line":66,"column":1}},"line":7},"1":{"name":"(anonymous_1)","decl":{"start":{"line":17,"column":12},"end":{"line":17,"column":13}},"loc":{"start":{"line":17,"column":16},"end":{"line":21,"column":3}},"line":17},"2":{"name":"(anonymous_2)","decl":{"start":{"line":24,"column":12},"end":{"line":24,"column":13}},"loc":{"start":{"line":24,"column":18},"end":{"line":30,"column":3}},"line":24},"3":{"name":"configMenuHandler","decl":{"start":{"line":32,"column":11},"end":{"line":32,"column":28}},"loc":{"start":{"line":32,"column":31},"end":{"line":35,"column":3}},"line":32},"4":{"name":"configHandler","decl":{"start":{"line":37,"column":11},"end":{"line":37,"column":24}},"loc":{"start":{"line":37,"column":27},"end":{"line":57,"column":1}},"line":37}},"branchMap":{"0":{"loc":{"start":{"line":38,"column":4},"end":{"line":56,"column":3}},"type":"switch","locations":[{"start":{"line":39,"column":6},"end":{"line":43,"column":14}},{"start":{"line":44,"column":6},"end":{"line":47,"column":14}},{"start":{"line":48,"column":6},"end":{"line":51,"column":14}},{"start":{"line":52,"column":6},"end":{"line":55,"column":14}}],"line":38},"1":{"loc":{"start":{"line":62,"column":32},"end":{"line":62,"column":56}},"type":"cond-expr","locations":[{"start":{"line":62,"column":40},"end":{"line":62,"column":47}},{"start":{"line":62,"column":50},"end":{"line":62,"column":56}}],"line":62}},"s":{"0":6,"1":6,"2":6,"3":6,"4":6,"5":6,"6":3,"7":6,"8":6,"9":6,"10":6,"11":6,"12":6,"13":2,"14":2,"15":0,"16":0,"17":0,"18":0,"19":0,"20":0,"21":0,"22":0,"23":0,"24":0,"25":0,"26":0,"27":0,"28":0,"29":6},"f":{"0":6,"1":3,"2":6,"3":2,"4":0},"b":{"0":[0,0,0,0],"1":[5,1]},"_coverageSchema":"1a1c01bbd47fc00a2c39e90264f33305004495a9","hash":"b20f9285b48754a00ab4a704d0afb9f05576053a"}
,"/home/luciano/Dev/Blanktxt/client/src/components/ModalLogin.jsx": {"path":"/home/luciano/Dev/Blanktxt/client/src/components/ModalLogin.jsx","statementMap":{"0":{"start":{"line":8,"column":20},"end":{"line":8,"column":32}},"1":{"start":{"line":9,"column":32},"end":{"line":9,"column":44}},"2":{"start":{"line":10,"column":36},"end":{"line":10,"column":51}},"3":{"start":{"line":13,"column":4},"end":{"line":13,"column":32}},"4":{"start":{"line":18,"column":4},"end":{"line":18,"column":23}},"5":{"start":{"line":20,"column":27},"end":{"line":24,"column":5}},"6":{"start":{"line":26,"column":4},"end":{"line":38,"column":6}},"7":{"start":{"line":27,"column":6},"end":{"line":37,"column":7}},"8":{"start":{"line":29,"column":8},"end":{"line":29,"column":27}},"9":{"start":{"line":30,"column":8},"end":{"line":32,"column":15}},"10":{"start":{"line":31,"column":10},"end":{"line":31,"column":30}},"11":{"start":{"line":35,"column":8},"end":{"line":35,"column":51}},"12":{"start":{"line":36,"column":8},"end":{"line":36,"column":30}},"13":{"start":{"line":45,"column":2},"end":{"line":54,"column":4}}},"fnMap":{"0":{"name":"ModalLogin","decl":{"start":{"line":5,"column":9},"end":{"line":5,"column":19}},"loc":{"start":{"line":5,"column":27},"end":{"line":55,"column":1}},"line":5},"1":{"name":"handleChange","decl":{"start":{"line":12,"column":11},"end":{"line":12,"column":23}},"loc":{"start":{"line":12,"column":27},"end":{"line":14,"column":3}},"line":12},"2":{"name":"handleLogin","decl":{"start":{"line":17,"column":11},"end":{"line":17,"column":22}},"loc":{"start":{"line":17,"column":25},"end":{"line":42,"column":3}},"line":17},"3":{"name":"(anonymous_3)","decl":{"start":{"line":26,"column":39},"end":{"line":26,"column":40}},"loc":{"start":{"line":26,"column":50},"end":{"line":38,"column":5}},"line":26},"4":{"name":"(anonymous_4)","decl":{"start":{"line":30,"column":19},"end":{"line":30,"column":20}},"loc":{"start":{"line":30,"column":23},"end":{"line":32,"column":9}},"line":30}},"branchMap":{"0":{"loc":{"start":{"line":27,"column":6},"end":{"line":37,"column":7}},"type":"if","locations":[{"start":{"line":27,"column":6},"end":{"line":37,"column":7}},{"start":{"line":34,"column":11},"end":{"line":37,"column":7}}],"line":27},"1":{"loc":{"start":{"line":47,"column":52},"end":{"line":47,"column":81}},"type":"cond-expr","locations":[{"start":{"line":47,"column":65},"end":{"line":47,"column":72}},{"start":{"line":47,"column":75},"end":{"line":47,"column":81}}],"line":47}},"s":{"0":26,"1":26,"2":26,"3":21,"4":1,"5":1,"6":1,"7":0,"8":0,"9":0,"10":0,"11":0,"12":0,"13":26},"f":{"0":26,"1":21,"2":1,"3":0,"4":0},"b":{"0":[0,0],"1":[0,26]},"_coverageSchema":"1a1c01bbd47fc00a2c39e90264f33305004495a9","hash":"f86dfc477a35db0f8a07df632e84465429567444"}
,"/home/luciano/Dev/Blanktxt/client/src/components/functions.js": {"path":"/home/luciano/Dev/Blanktxt/client/src/components/functions.js","statementMap":{"0":{"start":{"line":7,"column":18},"end":{"line":7,"column":66}},"1":{"start":{"line":13,"column":2},"end":{"line":60,"column":4}},"2":{"start":{"line":14,"column":24},"end":{"line":14,"column":47}},"3":{"start":{"line":15,"column":4},"end":{"line":59,"column":5}},"4":{"start":{"line":17,"column":6},"end":{"line":32,"column":7}},"5":{"start":{"line":19,"column":10},"end":{"line":19,"column":31}},"6":{"start":{"line":20,"column":10},"end":{"line":20,"column":16}},"7":{"start":{"line":22,"column":10},"end":{"line":22,"column":41}},"8":{"start":{"line":23,"column":10},"end":{"line":23,"column":16}},"9":{"start":{"line":25,"column":10},"end":{"line":25,"column":30}},"10":{"start":{"line":26,"column":10},"end":{"line":26,"column":16}},"11":{"start":{"line":28,"column":10},"end":{"line":28,"column":34}},"12":{"start":{"line":29,"column":10},"end":{"line":29,"column":16}},"13":{"start":{"line":35,"column":6},"end":{"line":58,"column":7}},"14":{"start":{"line":37,"column":24},"end":{"line":37,"column":102}},"15":{"start":{"line":38,"column":10},"end":{"line":38,"column":25}},"16":{"start":{"line":39,"column":10},"end":{"line":39,"column":46}},"17":{"start":{"line":40,"column":10},"end":{"line":40,"column":16}},"18":{"start":{"line":42,"column":34},"end":{"line":42,"column":123}},"19":{"start":{"line":43,"column":10},"end":{"line":43,"column":45}},"20":{"start":{"line":44,"column":10},"end":{"line":44,"column":66}},"21":{"start":{"line":45,"column":10},"end":{"line":45,"column":16}},"22":{"start":{"line":47,"column":23},"end":{"line":47,"column":93}},"23":{"start":{"line":48,"column":10},"end":{"line":48,"column":23}},"24":{"start":{"line":49,"column":10},"end":{"line":49,"column":44}},"25":{"start":{"line":50,"column":10},"end":{"line":50,"column":16}},"26":{"start":{"line":52,"column":27},"end":{"line":52,"column":95}},"27":{"start":{"line":53,"column":10},"end":{"line":53,"column":31}},"28":{"start":{"line":54,"column":10},"end":{"line":54,"column":52}},"29":{"start":{"line":55,"column":10},"end":{"line":55,"column":16}}},"fnMap":{"0":{"name":"configsInit","decl":{"start":{"line":5,"column":16},"end":{"line":5,"column":27}},"loc":{"start":{"line":5,"column":80},"end":{"line":68,"column":1}},"line":5},"1":{"name":"(anonymous_1)","decl":{"start":{"line":13,"column":18},"end":{"line":13,"column":19}},"loc":{"start":{"line":13,"column":23},"end":{"line":60,"column":3}},"line":13}},"branchMap":{"0":{"loc":{"start":{"line":15,"column":4},"end":{"line":59,"column":5}},"type":"if","locations":[{"start":{"line":15,"column":4},"end":{"line":59,"column":5}},{"start":{"line":33,"column":11},"end":{"line":59,"column":5}}],"line":15},"1":{"loc":{"start":{"line":17,"column":6},"end":{"line":32,"column":7}},"type":"switch","locations":[{"start":{"line":18,"column":8},"end":{"line":20,"column":16}},{"start":{"line":21,"column":8},"end":{"line":23,"column":16}},{"start":{"line":24,"column":8},"end":{"line":26,"column":16}},{"start":{"line":27,"column":8},"end":{"line":29,"column":16}}],"line":17},"2":{"loc":{"start":{"line":35,"column":6},"end":{"line":58,"column":7}},"type":"switch","locations":[{"start":{"line":36,"column":8},"end":{"line":40,"column":16}},{"start":{"line":41,"column":8},"end":{"line":45,"column":16}},{"start":{"line":46,"column":8},"end":{"line":50,"column":16}},{"start":{"line":51,"column":8},"end":{"line":55,"column":16}}],"line":35}},"s":{"0":0,"1":0,"2":0,"3":0,"4":0,"5":0,"6":0,"7":0,"8":0,"9":0,"10":0,"11":0,"12":0,"13":0,"14":0,"15":0,"16":0,"17":0,"18":0,"19":0,"20":0,"21":0,"22":0,"23":0,"24":0,"25":0,"26":0,"27":0,"28":0,"29":0},"f":{"0":0,"1":0},"b":{"0":[0,0],"1":[0,0,0,0],"2":[0,0,0,0]},"_coverageSchema":"1a1c01bbd47fc00a2c39e90264f33305004495a9","hash":"b3df3efbac3d56dd4dedc5ecc4b7bec60c19e274"}
}
