{"/home/luciano/Dev/Blanktxt/client/src/App.jsx": {"path":"/home/luciano/Dev/Blanktxt/client/src/App.jsx","statementMap":{"0":{"start":{"line":11,"column":20},"end":{"line":11,"column":32}},"1":{"start":{"line":13,"column":23},"end":{"line":13,"column":35}},"2":{"start":{"line":15,"column":27},"end":{"line":15,"column":41}},"3":{"start":{"line":17,"column":27},"end":{"line":17,"column":41}},"4":{"start":{"line":22,"column":2},"end":{"line":31,"column":8}},"5":{"start":{"line":24,"column":17},"end":{"line":24,"column":49}},"6":{"start":{"line":25,"column":4},"end":{"line":30,"column":5}},"7":{"start":{"line":26,"column":6},"end":{"line":26,"column":22}},"8":{"start":{"line":29,"column":8},"end":{"line":29,"column":23}},"9":{"start":{"line":34,"column":2},"end":{"line":53,"column":7}},"10":{"start":{"line":38,"column":19},"end":{"line":38,"column":51}},"11":{"start":{"line":39,"column":6},"end":{"line":50,"column":5}},"12":{"start":{"line":42,"column":29},"end":{"line":44,"column":7}},"13":{"start":{"line":46,"column":6},"end":{"line":46,"column":109}},"14":{"start":{"line":46,"column":60},"end":{"line":46,"column":75}},"15":{"start":{"line":46,"column":90},"end":{"line":46,"column":107}},"16":{"start":{"line":57,"column":2},"end":{"line":60,"column":8}},"17":{"start":{"line":58,"column":4},"end":{"line":58,"column":19}},"18":{"start":{"line":66,"column":26},"end":{"line":66,"column":40}},"19":{"start":{"line":67,"column":4},"end":{"line":70,"column":5}},"20":{"start":{"line":68,"column":6},"end":{"line":68,"column":22}},"21":{"start":{"line":69,"column":6},"end":{"line":69,"column":28}},"22":{"start":{"line":75,"column":4},"end":{"line":75,"column":19}},"23":{"start":{"line":80,"column":2},"end":{"line":91,"column":4}},"24":{"start":{"line":99,"column":25},"end":{"line":103,"column":3}},"25":{"start":{"line":105,"column":3},"end":{"line":105,"column":33}}},"fnMap":{"0":{"name":"Text","decl":{"start":{"line":9,"column":9},"end":{"line":9,"column":13}},"loc":{"start":{"line":9,"column":16},"end":{"line":92,"column":1}},"line":9},"1":{"name":"(anonymous_1)","decl":{"start":{"line":22,"column":12},"end":{"line":22,"column":13}},"loc":{"start":{"line":22,"column":17},"end":{"line":31,"column":3}},"line":22},"2":{"name":"(anonymous_2)","decl":{"start":{"line":34,"column":12},"end":{"line":34,"column":13}},"loc":{"start":{"line":34,"column":18},"end":{"line":53,"column":3}},"line":34},"3":{"name":"(anonymous_3)","decl":{"start":{"line":46,"column":48},"end":{"line":46,"column":49}},"loc":{"start":{"line":46,"column":60},"end":{"line":46,"column":75}},"line":46},"4":{"name":"(anonymous_4)","decl":{"start":{"line":46,"column":82},"end":{"line":46,"column":83}},"loc":{"start":{"line":46,"column":90},"end":{"line":46,"column":107}},"line":46},"5":{"name":"(anonymous_5)","decl":{"start":{"line":57,"column":12},"end":{"line":57,"column":13}},"loc":{"start":{"line":57,"column":18},"end":{"line":59,"column":3}},"line":57},"6":{"name":"changeInpt","decl":{"start":{"line":65,"column":11},"end":{"line":65,"column":21}},"loc":{"start":{"line":65,"column":24},"end":{"line":71,"column":3}},"line":65},"7":{"name":"changeDispl","decl":{"start":{"line":73,"column":11},"end":{"line":73,"column":22}},"loc":{"start":{"line":73,"column":25},"end":{"line":77,"column":3}},"line":73},"8":{"name":"updateTxt","decl":{"start":{"line":97,"column":22},"end":{"line":97,"column":31}},"loc":{"start":{"line":97,"column":36},"end":{"line":108,"column":1}},"line":97}},"branchMap":{"0":{"loc":{"start":{"line":25,"column":4},"end":{"line":30,"column":5}},"type":"if","locations":[{"start":{"line":25,"column":4},"end":{"line":30,"column":5}},{"start":{"line":28,"column":9},"end":{"line":30,"column":5}}],"line":25},"1":{"loc":{"start":{"line":39,"column":6},"end":{"line":50,"column":5}},"type":"if","locations":[{"start":{"line":39,"column":6},"end":{"line":50,"column":5}},{"start":{},"end":{}}],"line":39},"2":{"loc":{"start":{"line":67,"column":4},"end":{"line":70,"column":5}},"type":"if","locations":[{"start":{"line":67,"column":4},"end":{"line":70,"column":5}},{"start":{},"end":{}}],"line":67},"3":{"loc":{"start":{"line":89,"column":7},"end":{"line":89,"column":61}},"type":"binary-expr","locations":[{"start":{"line":89,"column":7},"end":{"line":89,"column":12}},{"start":{"line":89,"column":16},"end":{"line":89,"column":61}}],"line":89}},"s":{"0":0,"1":0,"2":0,"3":0,"4":0,"5":0,"6":0,"7":0,"8":0,"9":0,"10":0,"11":0,"12":0,"13":0,"14":0,"15":0,"16":0,"17":0,"18":0,"19":0,"20":0,"21":0,"22":0,"23":0,"24":0,"25":0},"f":{"0":0,"1":0,"2":0,"3":0,"4":0,"5":0,"6":0,"7":0,"8":0},"b":{"0":[0,0],"1":[0,0],"2":[0,0],"3":[0,0]}}
,"/home/luciano/Dev/Blanktxt/client/src/components/ConfigMenu.jsx": {"path":"/home/luciano/Dev/Blanktxt/client/src/components/ConfigMenu.jsx","statementMap":{"0":{"start":{"line":9,"column":32},"end":{"line":9,"column":46}},"1":{"start":{"line":10,"column":24},"end":{"line":10,"column":38}},"2":{"start":{"line":11,"column":26},"end":{"line":11,"column":40}},"3":{"start":{"line":12,"column":46},"end":{"line":12,"column":60}},"4":{"start":{"line":14,"column":27},"end":{"line":14,"column":41}},"5":{"start":{"line":17,"column":2},"end":{"line":74,"column":7}},"6":{"start":{"line":19,"column":20},"end":{"line":19,"column":68}},"7":{"start":{"line":25,"column":4},"end":{"line":72,"column":2}},"8":{"start":{"line":26,"column":26},"end":{"line":26,"column":49}},"9":{"start":{"line":27,"column":6},"end":{"line":71,"column":3}},"10":{"start":{"line":29,"column":6},"end":{"line":44,"column":7}},"11":{"start":{"line":31,"column":10},"end":{"line":31,"column":31}},"12":{"start":{"line":32,"column":10},"end":{"line":32,"column":16}},"13":{"start":{"line":34,"column":10},"end":{"line":34,"column":41}},"14":{"start":{"line":35,"column":10},"end":{"line":35,"column":16}},"15":{"start":{"line":37,"column":10},"end":{"line":37,"column":30}},"16":{"start":{"line":38,"column":10},"end":{"line":38,"column":16}},"17":{"start":{"line":40,"column":10},"end":{"line":40,"column":34}},"18":{"start":{"line":41,"column":10},"end":{"line":41,"column":16}},"19":{"start":{"line":47,"column":6},"end":{"line":70,"column":5}},"20":{"start":{"line":49,"column":24},"end":{"line":49,"column":102}},"21":{"start":{"line":50,"column":10},"end":{"line":50,"column":25}},"22":{"start":{"line":51,"column":10},"end":{"line":51,"column":46}},"23":{"start":{"line":52,"column":10},"end":{"line":52,"column":16}},"24":{"start":{"line":54,"column":35},"end":{"line":54,"column":124}},"25":{"start":{"line":55,"column":10},"end":{"line":55,"column":45}},"26":{"start":{"line":56,"column":10},"end":{"line":56,"column":66}},"27":{"start":{"line":57,"column":10},"end":{"line":57,"column":16}},"28":{"start":{"line":59,"column":23},"end":{"line":59,"column":93}},"29":{"start":{"line":60,"column":10},"end":{"line":60,"column":23}},"30":{"start":{"line":61,"column":10},"end":{"line":61,"column":43}},"31":{"start":{"line":62,"column":10},"end":{"line":62,"column":16}},"32":{"start":{"line":64,"column":28},"end":{"line":64,"column":96}},"33":{"start":{"line":65,"column":10},"end":{"line":65,"column":31}},"34":{"start":{"line":66,"column":10},"end":{"line":66,"column":52}},"35":{"start":{"line":67,"column":10},"end":{"line":67,"column":16}},"36":{"start":{"line":77,"column":2},"end":{"line":83,"column":4}},"37":{"start":{"line":78,"column":22},"end":{"line":78,"column":41}},"38":{"start":{"line":79,"column":4},"end":{"line":79,"column":48}},"39":{"start":{"line":80,"column":4},"end":{"line":80,"column":32}},"40":{"start":{"line":81,"column":4},"end":{"line":81,"column":45}},"41":{"start":{"line":82,"column":4},"end":{"line":82,"column":50}},"42":{"start":{"line":86,"column":4},"end":{"line":86,"column":21}},"43":{"start":{"line":90,"column":4},"end":{"line":108,"column":3}},"44":{"start":{"line":92,"column":8},"end":{"line":92,"column":27}},"45":{"start":{"line":93,"column":8},"end":{"line":93,"column":32}},"46":{"start":{"line":94,"column":8},"end":{"line":94,"column":53}},"47":{"start":{"line":95,"column":8},"end":{"line":95,"column":14}},"48":{"start":{"line":97,"column":8},"end":{"line":97,"column":42}},"49":{"start":{"line":98,"column":8},"end":{"line":98,"column":63}},"50":{"start":{"line":99,"column":8},"end":{"line":99,"column":14}},"51":{"start":{"line":101,"column":8},"end":{"line":101,"column":31}},"52":{"start":{"line":102,"column":8},"end":{"line":102,"column":52}},"53":{"start":{"line":103,"column":8},"end":{"line":103,"column":14}},"54":{"start":{"line":105,"column":8},"end":{"line":105,"column":35}},"55":{"start":{"line":106,"column":8},"end":{"line":106,"column":56}},"56":{"start":{"line":107,"column":8},"end":{"line":107,"column":14}},"57":{"start":{"line":112,"column":2},"end":{"line":117,"column":4}},"58":{"start":{"line":124,"column":2},"end":{"line":148,"column":4}}},"fnMap":{"0":{"name":"CongifMenu","decl":{"start":{"line":7,"column":24},"end":{"line":7,"column":34}},"loc":{"start":{"line":7,"column":50},"end":{"line":118,"column":1}},"line":7},"1":{"name":"(anonymous_1)","decl":{"start":{"line":17,"column":12},"end":{"line":17,"column":13}},"loc":{"start":{"line":17,"column":16},"end":{"line":74,"column":3}},"line":17},"2":{"name":"(anonymous_2)","decl":{"start":{"line":25,"column":16},"end":{"line":25,"column":17}},"loc":{"start":{"line":25,"column":21},"end":{"line":72,"column":1}},"line":25},"3":{"name":"(anonymous_3)","decl":{"start":{"line":77,"column":12},"end":{"line":77,"column":13}},"loc":{"start":{"line":77,"column":18},"end":{"line":83,"column":3}},"line":77},"4":{"name":"configMenuHandler","decl":{"start":{"line":85,"column":11},"end":{"line":85,"column":28}},"loc":{"start":{"line":85,"column":31},"end":{"line":87,"column":3}},"line":85},"5":{"name":"configHandler","decl":{"start":{"line":89,"column":11},"end":{"line":89,"column":24}},"loc":{"start":{"line":89,"column":27},"end":{"line":109,"column":1}},"line":89},"6":{"name":"Config","decl":{"start":{"line":120,"column":16},"end":{"line":120,"column":22}},"loc":{"start":{"line":120,"column":29},"end":{"line":149,"column":1}},"line":120}},"branchMap":{"0":{"loc":{"start":{"line":27,"column":6},"end":{"line":71,"column":3}},"type":"if","locations":[{"start":{"line":27,"column":6},"end":{"line":71,"column":3}},{"start":{"line":45,"column":9},"end":{"line":71,"column":3}}],"line":27},"1":{"loc":{"start":{"line":29,"column":6},"end":{"line":44,"column":7}},"type":"switch","locations":[{"start":{"line":30,"column":8},"end":{"line":32,"column":16}},{"start":{"line":33,"column":8},"end":{"line":35,"column":16}},{"start":{"line":36,"column":8},"end":{"line":38,"column":16}},{"start":{"line":39,"column":8},"end":{"line":41,"column":16}}],"line":29},"2":{"loc":{"start":{"line":47,"column":6},"end":{"line":70,"column":5}},"type":"switch","locations":[{"start":{"line":48,"column":8},"end":{"line":52,"column":16}},{"start":{"line":53,"column":8},"end":{"line":57,"column":16}},{"start":{"line":58,"column":8},"end":{"line":62,"column":16}},{"start":{"line":63,"column":8},"end":{"line":67,"column":16}}],"line":47},"3":{"loc":{"start":{"line":90,"column":4},"end":{"line":108,"column":3}},"type":"switch","locations":[{"start":{"line":91,"column":6},"end":{"line":95,"column":14}},{"start":{"line":96,"column":6},"end":{"line":99,"column":14}},{"start":{"line":100,"column":6},"end":{"line":103,"column":14}},{"start":{"line":104,"column":6},"end":{"line":107,"column":14}}],"line":90},"4":{"loc":{"start":{"line":114,"column":80},"end":{"line":114,"column":104}},"type":"cond-expr","locations":[{"start":{"line":114,"column":88},"end":{"line":114,"column":95}},{"start":{"line":114,"column":98},"end":{"line":114,"column":104}}],"line":114},"5":{"loc":{"start":{"line":126,"column":27},"end":{"line":126,"column":57}},"type":"cond-expr","locations":[{"start":{"line":126,"column":41},"end":{"line":126,"column":47}},{"start":{"line":126,"column":50},"end":{"line":126,"column":57}}],"line":126}},"s":{"0":0,"1":0,"2":0,"3":0,"4":0,"5":0,"6":0,"7":0,"8":0,"9":0,"10":0,"11":0,"12":0,"13":0,"14":0,"15":0,"16":0,"17":0,"18":0,"19":0,"20":0,"21":0,"22":0,"23":0,"24":0,"25":0,"26":0,"27":0,"28":0,"29":0,"30":0,"31":0,"32":0,"33":0,"34":0,"35":0,"36":0,"37":0,"38":0,"39":0,"40":0,"41":0,"42":0,"43":0,"44":0,"45":0,"46":0,"47":0,"48":0,"49":0,"50":0,"51":0,"52":0,"53":0,"54":0,"55":0,"56":0,"57":0,"58":0},"f":{"0":0,"1":0,"2":0,"3":0,"4":0,"5":0,"6":0},"b":{"0":[0,0],"1":[0,0,0,0],"2":[0,0,0,0],"3":[0,0,0,0],"4":[0,0],"5":[0,0]}}
,"/home/luciano/Dev/Blanktxt/client/src/components/Input.jsx": {"path":"/home/luciano/Dev/Blanktxt/client/src/components/Input.jsx","statementMap":{"0":{"start":{"line":7,"column":2},"end":{"line":11,"column":4}}},"fnMap":{"0":{"name":"Input","decl":{"start":{"line":3,"column":24},"end":{"line":3,"column":29}},"loc":{"start":{"line":3,"column":36},"end":{"line":12,"column":1}},"line":3}},"branchMap":{"0":{"loc":{"start":{"line":9,"column":137},"end":{"line":9,"column":167}},"type":"cond-expr","locations":[{"start":{"line":9,"column":151},"end":{"line":9,"column":158}},{"start":{"line":9,"column":161},"end":{"line":9,"column":167}}],"line":9}},"s":{"0":0},"f":{"0":0},"b":{"0":[0,0]}}
,"/home/luciano/Dev/Blanktxt/client/src/components/ModalLogin.jsx": {"path":"/home/luciano/Dev/Blanktxt/client/src/components/ModalLogin.jsx","statementMap":{"0":{"start":{"line":7,"column":32},"end":{"line":7,"column":44}},"1":{"start":{"line":10,"column":4},"end":{"line":10,"column":32}},"2":{"start":{"line":14,"column":4},"end":{"line":14,"column":23}},"3":{"start":{"line":15,"column":4},"end":{"line":15,"column":47}},"4":{"start":{"line":16,"column":4},"end":{"line":16,"column":23}},"5":{"start":{"line":17,"column":4},"end":{"line":17,"column":26}},"6":{"start":{"line":22,"column":2},"end":{"line":31,"column":4}},"7":{"start":{"line":37,"column":25},"end":{"line":41,"column":3}},"8":{"start":{"line":43,"column":22},"end":{"line":43,"column":57}}},"fnMap":{"0":{"name":"ModalLogin","decl":{"start":{"line":5,"column":9},"end":{"line":5,"column":19}},"loc":{"start":{"line":5,"column":27},"end":{"line":32,"column":1}},"line":5},"1":{"name":"handleChange","decl":{"start":{"line":9,"column":11},"end":{"line":9,"column":23}},"loc":{"start":{"line":9,"column":27},"end":{"line":11,"column":3}},"line":9},"2":{"name":"handleLogin","decl":{"start":{"line":13,"column":11},"end":{"line":13,"column":22}},"loc":{"start":{"line":13,"column":25},"end":{"line":19,"column":3}},"line":13},"3":{"name":"postUser","decl":{"start":{"line":35,"column":22},"end":{"line":35,"column":30}},"loc":{"start":{"line":35,"column":36},"end":{"line":46,"column":1}},"line":35}},"branchMap":{},"s":{"0":22,"1":20,"2":1,"3":1,"4":1,"5":1,"6":22,"7":1,"8":1},"f":{"0":22,"1":20,"2":1,"3":1},"b":{},"_coverageSchema":"1a1c01bbd47fc00a2c39e90264f33305004495a9","hash":"23ad417ce2651e32e3deeb9f0ef6c23c83517ce6"}
}
