TN:
SF:src/components/Config.jsx
FN:4,Config
FNF:1
FNH:1
FNDA:7,Config
DA:9,7
LF:1
LH:1
BRDA:11,0,0,6
BRDA:11,0,1,1
BRF:2
BRH:2
end_of_record
TN:
SF:src/components/ConfigMenu.jsx
FN:7,CongifMenu
FN:17,(anonymous_1)
FN:24,(anonymous_2)
FN:32,configMenuHandler
FN:37,configHandler
FNF:5
FNH:4
FNDA:4,CongifMenu
FNDA:2,(anonymous_1)
FNDA:4,(anonymous_2)
FNDA:2,configMenuHandler
FNDA:0,configHandler
DA:9,4
DA:10,4
DA:11,4
DA:12,4
DA:14,4
DA:17,4
DA:19,2
DA:24,4
DA:25,4
DA:26,4
DA:27,4
DA:28,4
DA:29,4
DA:33,2
DA:34,2
DA:38,0
DA:40,0
DA:41,0
DA:42,0
DA:43,0
DA:45,0
DA:46,0
DA:47,0
DA:49,0
DA:50,0
DA:51,0
DA:53,0
DA:54,0
DA:55,0
DA:60,4
LF:30
LH:16
BRDA:38,0,0,0
BRDA:38,0,1,0
BRDA:38,0,2,0
BRDA:38,0,3,0
BRDA:62,1,0,3
BRDA:62,1,1,1
BRF:6
BRH:2
end_of_record
TN:
SF:src/components/Input.jsx
FN:3,Input
FNF:1
FNH:0
FNDA:0,Input
DA:7,0
LF:1
LH:0
BRDA:9,0,0,0
BRDA:9,0,1,0
BRF:2
BRH:0
end_of_record
TN:
SF:src/components/ModalLogin.jsx
FN:5,ModalLogin
FN:12,handleChange
FN:17,handleLogin
FN:26,(anonymous_3)
FN:30,(anonymous_4)
FNF:5
FNH:3
FNDA:23,ModalLogin
FNDA:21,handleChange
FNDA:1,handleLogin
FNDA:0,(anonymous_3)
FNDA:0,(anonymous_4)
DA:8,23
DA:9,23
DA:10,23
DA:13,21
DA:18,1
DA:20,1
DA:26,1
DA:27,0
DA:29,0
DA:30,0
DA:31,0
DA:35,0
DA:36,0
DA:45,23
LF:14
LH:8
BRDA:27,0,0,0
BRDA:27,0,1,0
BRDA:47,1,0,0
BRDA:47,1,1,23
BRF:4
BRH:1
end_of_record
TN:
SF:src/components/functions.js
FN:4,(anonymous_0)
FN:12,(anonymous_1)
FNF:2
FNH:0
FNDA:0,(anonymous_0)
FNDA:0,(anonymous_1)
DA:4,1
DA:6,0
DA:12,0
DA:14,0
DA:15,0
DA:17,0
DA:19,0
DA:20,0
DA:22,0
DA:23,0
DA:25,0
DA:26,0
DA:28,0
DA:29,0
DA:34,0
DA:36,0
DA:37,0
DA:38,0
DA:39,0
DA:41,0
DA:42,0
DA:43,0
DA:44,0
DA:46,0
DA:47,0
DA:48,0
DA:49,0
DA:51,0
DA:52,0
DA:53,0
DA:54,0
LF:31
LH:1
BRDA:15,0,0,0
BRDA:15,0,1,0
BRDA:17,1,0,0
BRDA:17,1,1,0
BRDA:17,1,2,0
BRDA:17,1,3,0
BRDA:34,2,0,0
BRDA:34,2,1,0
BRDA:34,2,2,0
BRDA:34,2,3,0
BRF:10
BRH:0
end_of_record
