TN:
SF:src/App.jsx
FN:9,Text
FN:22,(anonymous_1)
FN:34,(anonymous_2)
FN:46,(anonymous_3)
FN:46,(anonymous_4)
FN:57,(anonymous_5)
FN:65,changeInpt
FN:73,changeDispl
FN:97,updateTxt
FNF:9
FNH:0
FNDA:0,Text
FNDA:0,(anonymous_1)
FNDA:0,(anonymous_2)
FNDA:0,(anonymous_3)
FNDA:0,(anonymous_4)
FNDA:0,(anonymous_5)
FNDA:0,changeInpt
FNDA:0,changeDispl
FNDA:0,updateTxt
DA:11,0
DA:13,0
DA:15,0
DA:17,0
DA:22,0
DA:24,0
DA:25,0
DA:26,0
DA:29,0
DA:34,0
DA:38,0
DA:39,0
DA:42,0
DA:46,0
DA:57,0
DA:58,0
DA:66,0
DA:67,0
DA:68,0
DA:69,0
DA:75,0
DA:80,0
DA:99,0
DA:105,0
LF:24
LH:0
BRDA:25,0,0,0
BRDA:25,0,1,0
BRDA:39,1,0,0
BRDA:39,1,1,0
BRDA:67,2,0,0
BRDA:67,2,1,0
BRDA:89,3,0,0
BRDA:89,3,1,0
BRF:8
BRH:0
end_of_record
TN:
SF:src/components/ConfigMenu.jsx
FN:7,CongifMenu
FN:17,(anonymous_1)
FN:25,(anonymous_2)
FN:77,(anonymous_3)
FN:85,configMenuHandler
FN:89,configHandler
FN:120,Config
FNF:7
FNH:0
FNDA:0,CongifMenu
FNDA:0,(anonymous_1)
FNDA:0,(anonymous_2)
FNDA:0,(anonymous_3)
FNDA:0,configMenuHandler
FNDA:0,configHandler
FNDA:0,Config
DA:9,0
DA:10,0
DA:11,0
DA:12,0
DA:14,0
DA:17,0
DA:19,0
DA:25,0
DA:26,0
DA:27,0
DA:29,0
DA:31,0
DA:32,0
DA:34,0
DA:35,0
DA:37,0
DA:38,0
DA:40,0
DA:41,0
DA:47,0
DA:49,0
DA:50,0
DA:51,0
DA:52,0
DA:54,0
DA:55,0
DA:56,0
DA:57,0
DA:59,0
DA:60,0
DA:61,0
DA:62,0
DA:64,0
DA:65,0
DA:66,0
DA:67,0
DA:77,0
DA:78,0
DA:79,0
DA:80,0
DA:81,0
DA:82,0
DA:86,0
DA:90,0
DA:92,0
DA:93,0
DA:94,0
DA:95,0
DA:97,0
DA:98,0
DA:99,0
DA:101,0
DA:102,0
DA:103,0
DA:105,0
DA:106,0
DA:107,0
DA:112,0
DA:124,0
LF:59
LH:0
BRDA:27,0,0,0
BRDA:27,0,1,0
BRDA:29,1,0,0
BRDA:29,1,1,0
BRDA:29,1,2,0
BRDA:29,1,3,0
BRDA:47,2,0,0
BRDA:47,2,1,0
BRDA:47,2,2,0
BRDA:47,2,3,0
BRDA:90,3,0,0
BRDA:90,3,1,0
BRDA:90,3,2,0
BRDA:90,3,3,0
BRDA:114,4,0,0
BRDA:114,4,1,0
BRDA:126,5,0,0
BRDA:126,5,1,0
BRF:18
BRH:0
end_of_record
TN:
SF:src/components/Input.jsx
FN:3,Input
FNF:1
FNH:0
FNDA:0,Input
DA:7,0
LF:1
LH:0
BRDA:9,0,0,0
BRDA:9,0,1,0
BRF:2
BRH:0
end_of_record
TN:
SF:src/components/ModalLogin.jsx
FN:5,ModalLogin
FN:9,handleChange
FN:13,handleLogin
FN:35,postUser
FNF:4
FNH:4
FNDA:22,ModalLogin
FNDA:20,handleChange
FNDA:1,handleLogin
FNDA:1,postUser
DA:7,22
DA:10,20
DA:14,1
DA:15,1
DA:16,1
DA:17,1
DA:22,22
DA:37,1
DA:43,1
LF:9
LH:9
BRF:0
BRH:0
end_of_record
